Performing C SOURCE FILE Test CMAKE_HAVE_LIBC_PTHREAD failed with the following output:
Change Dir: /home/aravind/ex2/build/smb_highlevel_controller/CMakeFiles/CMakeTmp

Run Build Command(s):/usr/bin/make -f Makefile cmTC_091b3/fast && /usr/bin/make  -f CMakeFiles/cmTC_091b3.dir/build.make CMakeFiles/cmTC_091b3.dir/build
make[1]: Entering directory '/home/aravind/ex2/build/smb_highlevel_controller/CMakeFiles/CMakeTmp'
Building C object CMakeFiles/cmTC_091b3.dir/src.c.o
/usr/bin/cc -DCMAKE_HAVE_LIBC_PTHREAD   -o CMakeFiles/cmTC_091b3.dir/src.c.o -c /home/aravind/ex2/build/smb_highlevel_controller/CMakeFiles/CMakeTmp/src.c
Linking C executable cmTC_091b3
/usr/local/bin/cmake -E cmake_link_script CMakeFiles/cmTC_091b3.dir/link.txt --verbose=1
/usr/bin/cc -rdynamic CMakeFiles/cmTC_091b3.dir/src.c.o -o cmTC_091b3 
/usr/bin/ld: CMakeFiles/cmTC_091b3.dir/src.c.o: in function `main':
src.c:(.text+0x46): undefined reference to `pthread_create'
/usr/bin/ld: src.c:(.text+0x52): undefined reference to `pthread_detach'
/usr/bin/ld: src.c:(.text+0x5e): undefined reference to `pthread_cancel'
/usr/bin/ld: src.c:(.text+0x6f): undefined reference to `pthread_join'
collect2: error: ld returned 1 exit status
make[1]: *** [CMakeFiles/cmTC_091b3.dir/build.make:99: cmTC_091b3] Error 1
make[1]: Leaving directory '/home/aravind/ex2/build/smb_highlevel_controller/CMakeFiles/CMakeTmp'
make: *** [Makefile:127: cmTC_091b3/fast] Error 2


Source file was:
#include <pthread.h>

static void* test_func(void* data)
{
  return data;
}

int main(void)
{
  pthread_t thread;
  pthread_create(&thread, NULL, test_func, NULL);
  pthread_detach(thread);
  pthread_cancel(thread);
  pthread_join(thread, NULL);
  pthread_atfork(NULL, NULL, NULL);
  pthread_exit(NULL);

  return 0;
}

Determining if the function pthread_create exists in the pthreads failed with the following output:
Change Dir: /home/aravind/ex2/build/smb_highlevel_controller/CMakeFiles/CMakeTmp

Run Build Command(s):/usr/bin/make -f Makefile cmTC_fb65f/fast && /usr/bin/make  -f CMakeFiles/cmTC_fb65f.dir/build.make CMakeFiles/cmTC_fb65f.dir/build
make[1]: Entering directory '/home/aravind/ex2/build/smb_highlevel_controller/CMakeFiles/CMakeTmp'
Building C object CMakeFiles/cmTC_fb65f.dir/CheckFunctionExists.c.o
/usr/bin/cc   -DCHECK_FUNCTION_EXISTS=pthread_create -o CMakeFiles/cmTC_fb65f.dir/CheckFunctionExists.c.o -c /usr/local/share/cmake-3.20/Modules/CheckFunctionExists.c
Linking C executable cmTC_fb65f
/usr/local/bin/cmake -E cmake_link_script CMakeFiles/cmTC_fb65f.dir/link.txt --verbose=1
/usr/bin/cc  -DCHECK_FUNCTION_EXISTS=pthread_create -rdynamic CMakeFiles/cmTC_fb65f.dir/CheckFunctionExists.c.o -o cmTC_fb65f  -lpthreads 
/usr/bin/ld: cannot find -lpthreads
collect2: error: ld returned 1 exit status
make[1]: *** [CMakeFiles/cmTC_fb65f.dir/build.make:99: cmTC_fb65f] Error 1
make[1]: Leaving directory '/home/aravind/ex2/build/smb_highlevel_controller/CMakeFiles/CMakeTmp'
make: *** [Makefile:127: cmTC_fb65f/fast] Error 2



